 WARN [2015-07-09 17:35:18,183] (ComponentFactory.java:getComponentBean:1154) - Unable to get component for id 'AuraDefinitionBundle': Unable to get bean for id 'AuraDefinitionBundle'
 WARN [2015-07-09 17:35:18,192] (ComponentFactory.java:getComponentBean:1154) - Unable to get component for id 'ExternalDataSource': Unable to get bean for id 'ExternalDataSource'
 WARN [2015-07-09 17:35:18,197] (ComponentFactory.java:getComponentBean:1154) - Unable to get component for id 'NamedCredential': Unable to get bean for id 'NamedCredential'
 WARN [2015-07-09 17:35:18,217] (ComponentFactory.java:getComponentBean:1154) - Unable to get component for id 'MatchingRules': Unable to get bean for id 'MatchingRules'
 WARN [2015-07-09 17:35:18,223] (ComponentFactory.java:getComponentBean:1154) - Unable to get component for id 'ChannelLayout': Unable to get bean for id 'ChannelLayout'
 WARN [2015-07-09 17:35:18,227] (ComponentFactory.java:getComponentBean:1154) - Unable to get component for id 'SharingRules': Unable to get bean for id 'SharingRules'
 WARN [2015-07-09 17:35:18,233] (ComponentFactory.java:getComponentBean:1154) - Unable to get component for id 'CorsWhitelistOrigin': Unable to get bean for id 'CorsWhitelistOrigin'
 WARN [2015-07-09 17:35:18,237] (ComponentFactory.java:getComponentBean:1154) - Unable to get component for id 'ActionLinkGroupTemplate': Unable to get bean for id 'ActionLinkGroupTemplate'
 WARN [2015-07-09 17:35:18,241] (ComponentFactory.java:getComponentBean:1154) - Unable to get component for id 'SynonymDictionary': Unable to get bean for id 'SynonymDictionary'
 WARN [2015-07-09 17:35:19,226] (ComponentFactory.java:getComponentBean:1154) - Unable to get component for id 'AuraDefinitionBundle': Unable to get bean for id 'AuraDefinitionBundle'
 WARN [2015-07-09 17:35:19,264] (ComponentFactory.java:getComponentBean:1154) - Unable to get component for id 'ExternalDataSource': Unable to get bean for id 'ExternalDataSource'
 WARN [2015-07-09 17:35:19,268] (ComponentFactory.java:getComponentBean:1154) - Unable to get component for id 'NamedCredential': Unable to get bean for id 'NamedCredential'
 WARN [2015-07-09 17:35:19,288] (ComponentFactory.java:getComponentBean:1154) - Unable to get component for id 'MatchingRules': Unable to get bean for id 'MatchingRules'
 WARN [2015-07-09 17:35:19,294] (ComponentFactory.java:getComponentBean:1154) - Unable to get component for id 'ChannelLayout': Unable to get bean for id 'ChannelLayout'
 WARN [2015-07-09 17:35:19,297] (ComponentFactory.java:getComponentBean:1154) - Unable to get component for id 'SharingRules': Unable to get bean for id 'SharingRules'
 WARN [2015-07-09 17:35:19,304] (ComponentFactory.java:getComponentBean:1154) - Unable to get component for id 'CorsWhitelistOrigin': Unable to get bean for id 'CorsWhitelistOrigin'
 WARN [2015-07-09 17:35:19,309] (ComponentFactory.java:getComponentBean:1154) - Unable to get component for id 'ActionLinkGroupTemplate': Unable to get bean for id 'ActionLinkGroupTemplate'
 WARN [2015-07-09 17:35:19,314] (ComponentFactory.java:getComponentBean:1154) - Unable to get component for id 'SynonymDictionary': Unable to get bean for id 'SynonymDictionary'
 WARN [2015-07-09 17:35:29,895] (Utils.java:loadDocument:799) - Unable to load document: C:\Users\Pranaya Bhoyar\Contacts\Ecllipse\.metadata\.plugins\com.salesforce.ide.core\packageCache.xml (The system cannot find the file specified)
 WARN [2015-07-09 17:35:30,619] (ComponentFactory.java:getComponentBean:1154) - Unable to get component for id 'AuraDefinitionBundle': Unable to get bean for id 'AuraDefinitionBundle'
 WARN [2015-07-09 17:35:30,627] (ComponentFactory.java:getComponentBean:1154) - Unable to get component for id 'ExternalDataSource': Unable to get bean for id 'ExternalDataSource'
 WARN [2015-07-09 17:35:30,633] (ComponentFactory.java:getComponentBean:1154) - Unable to get component for id 'NamedCredential': Unable to get bean for id 'NamedCredential'
 WARN [2015-07-09 17:35:30,654] (ComponentFactory.java:getComponentBean:1154) - Unable to get component for id 'MatchingRules': Unable to get bean for id 'MatchingRules'
 WARN [2015-07-09 17:35:30,658] (ComponentFactory.java:getComponentBean:1154) - Unable to get component for id 'ChannelLayout': Unable to get bean for id 'ChannelLayout'
 WARN [2015-07-09 17:35:30,663] (ComponentFactory.java:getComponentBean:1154) - Unable to get component for id 'SharingRules': Unable to get bean for id 'SharingRules'
 WARN [2015-07-09 17:35:30,668] (ComponentFactory.java:getComponentBean:1154) - Unable to get component for id 'CorsWhitelistOrigin': Unable to get bean for id 'CorsWhitelistOrigin'
 WARN [2015-07-09 17:35:30,672] (ComponentFactory.java:getComponentBean:1154) - Unable to get component for id 'ActionLinkGroupTemplate': Unable to get bean for id 'ActionLinkGroupTemplate'
 WARN [2015-07-09 17:35:30,675] (ComponentFactory.java:getComponentBean:1154) - Unable to get component for id 'SynonymDictionary': Unable to get bean for id 'SynonymDictionary'
 WARN [2015-07-09 17:35:31,812] (ComponentFactory.java:getComponentBean:1154) - Unable to get component for id 'AuraDefinitionBundle': Unable to get bean for id 'AuraDefinitionBundle'
 WARN [2015-07-09 17:35:31,819] (ComponentFactory.java:getComponentBean:1154) - Unable to get component for id 'ExternalDataSource': Unable to get bean for id 'ExternalDataSource'
 WARN [2015-07-09 17:35:31,825] (ComponentFactory.java:getComponentBean:1154) - Unable to get component for id 'NamedCredential': Unable to get bean for id 'NamedCredential'
 WARN [2015-07-09 17:35:31,844] (ComponentFactory.java:getComponentBean:1154) - Unable to get component for id 'MatchingRules': Unable to get bean for id 'MatchingRules'
 WARN [2015-07-09 17:35:31,851] (ComponentFactory.java:getComponentBean:1154) - Unable to get component for id 'ChannelLayout': Unable to get bean for id 'ChannelLayout'
 WARN [2015-07-09 17:35:31,857] (ComponentFactory.java:getComponentBean:1154) - Unable to get component for id 'SharingRules': Unable to get bean for id 'SharingRules'
 WARN [2015-07-09 17:35:31,865] (ComponentFactory.java:getComponentBean:1154) - Unable to get component for id 'CorsWhitelistOrigin': Unable to get bean for id 'CorsWhitelistOrigin'
 WARN [2015-07-09 17:35:31,871] (ComponentFactory.java:getComponentBean:1154) - Unable to get component for id 'ActionLinkGroupTemplate': Unable to get bean for id 'ActionLinkGroupTemplate'
 WARN [2015-07-09 17:35:31,877] (ComponentFactory.java:getComponentBean:1154) - Unable to get component for id 'SynonymDictionary': Unable to get bean for id 'SynonymDictionary'
 WARN [2015-07-09 17:35:32,656] (ComponentFactory.java:getComponentBean:1154) - Unable to get component for id 'AuraDefinitionBundle': Unable to get bean for id 'AuraDefinitionBundle'
 WARN [2015-07-09 17:35:32,664] (ComponentFactory.java:getComponentBean:1154) - Unable to get component for id 'ExternalDataSource': Unable to get bean for id 'ExternalDataSource'
 WARN [2015-07-09 17:35:32,670] (ComponentFactory.java:getComponentBean:1154) - Unable to get component for id 'NamedCredential': Unable to get bean for id 'NamedCredential'
 WARN [2015-07-09 17:35:32,687] (ComponentFactory.java:getComponentBean:1154) - Unable to get component for id 'MatchingRules': Unable to get bean for id 'MatchingRules'
 WARN [2015-07-09 17:35:32,691] (ComponentFactory.java:getComponentBean:1154) - Unable to get component for id 'ChannelLayout': Unable to get bean for id 'ChannelLayout'
 WARN [2015-07-09 17:35:32,694] (ComponentFactory.java:getComponentBean:1154) - Unable to get component for id 'SharingRules': Unable to get bean for id 'SharingRules'
 WARN [2015-07-09 17:35:32,699] (ComponentFactory.java:getComponentBean:1154) - Unable to get component for id 'CorsWhitelistOrigin': Unable to get bean for id 'CorsWhitelistOrigin'
 WARN [2015-07-09 17:35:32,703] (ComponentFactory.java:getComponentBean:1154) - Unable to get component for id 'ActionLinkGroupTemplate': Unable to get bean for id 'ActionLinkGroupTemplate'
 WARN [2015-07-09 17:35:32,707] (ComponentFactory.java:getComponentBean:1154) - Unable to get component for id 'SynonymDictionary': Unable to get bean for id 'SynonymDictionary'
 WARN [2015-07-09 17:35:33,988] (ComponentFactory.java:getComponentBean:1154) - Unable to get component for id 'AuraDefinitionBundle': Unable to get bean for id 'AuraDefinitionBundle'
 WARN [2015-07-09 17:35:33,995] (ComponentFactory.java:getComponentBean:1154) - Unable to get component for id 'ExternalDataSource': Unable to get bean for id 'ExternalDataSource'
 WARN [2015-07-09 17:35:34,001] (ComponentFactory.java:getComponentBean:1154) - Unable to get component for id 'NamedCredential': Unable to get bean for id 'NamedCredential'
 WARN [2015-07-09 17:35:34,013] (ComponentFactory.java:getComponentBean:1154) - Unable to get component for id 'MatchingRules': Unable to get bean for id 'MatchingRules'
 WARN [2015-07-09 17:35:34,017] (ComponentFactory.java:getComponentBean:1154) - Unable to get component for id 'ChannelLayout': Unable to get bean for id 'ChannelLayout'
 WARN [2015-07-09 17:35:34,021] (ComponentFactory.java:getComponentBean:1154) - Unable to get component for id 'SharingRules': Unable to get bean for id 'SharingRules'
 WARN [2015-07-09 17:35:34,026] (ComponentFactory.java:getComponentBean:1154) - Unable to get component for id 'CorsWhitelistOrigin': Unable to get bean for id 'CorsWhitelistOrigin'
 WARN [2015-07-09 17:35:34,030] (ComponentFactory.java:getComponentBean:1154) - Unable to get component for id 'ActionLinkGroupTemplate': Unable to get bean for id 'ActionLinkGroupTemplate'
 WARN [2015-07-09 17:35:34,033] (ComponentFactory.java:getComponentBean:1154) - Unable to get component for id 'SynonymDictionary': Unable to get bean for id 'SynonymDictionary'
 WARN [2015-07-09 17:35:35,022] (ComponentFactory.java:getComponentBean:1154) - Unable to get component for id 'AuraDefinitionBundle': Unable to get bean for id 'AuraDefinitionBundle'
 WARN [2015-07-09 17:35:35,031] (ComponentFactory.java:getComponentBean:1154) - Unable to get component for id 'ExternalDataSource': Unable to get bean for id 'ExternalDataSource'
 WARN [2015-07-09 17:35:35,039] (ComponentFactory.java:getComponentBean:1154) - Unable to get component for id 'NamedCredential': Unable to get bean for id 'NamedCredential'
 WARN [2015-07-09 17:35:35,067] (ComponentFactory.java:getComponentBean:1154) - Unable to get component for id 'MatchingRules': Unable to get bean for id 'MatchingRules'
 WARN [2015-07-09 17:35:35,072] (ComponentFactory.java:getComponentBean:1154) - Unable to get component for id 'ChannelLayout': Unable to get bean for id 'ChannelLayout'
 WARN [2015-07-09 17:35:35,076] (ComponentFactory.java:getComponentBean:1154) - Unable to get component for id 'SharingRules': Unable to get bean for id 'SharingRules'
 WARN [2015-07-09 17:35:35,083] (ComponentFactory.java:getComponentBean:1154) - Unable to get component for id 'CorsWhitelistOrigin': Unable to get bean for id 'CorsWhitelistOrigin'
 WARN [2015-07-09 17:35:35,087] (ComponentFactory.java:getComponentBean:1154) - Unable to get component for id 'ActionLinkGroupTemplate': Unable to get bean for id 'ActionLinkGroupTemplate'
 WARN [2015-07-09 17:35:35,092] (ComponentFactory.java:getComponentBean:1154) - Unable to get component for id 'SynonymDictionary': Unable to get bean for id 'SynonymDictionary'
 WARN [2015-07-09 17:35:53,356] (ComponentFactory.java:getComponentBean:1154) - Unable to get component for id 'ActionLinkGroupTemplate': Unable to get bean for id 'ActionLinkGroupTemplate'
 WARN [2015-07-09 17:35:53,394] (ComponentFactory.java:getComponentBean:1154) - Unable to get component for id 'AuraDefinitionBundle': Unable to get bean for id 'AuraDefinitionBundle'
 WARN [2015-07-09 17:35:53,416] (ComponentFactory.java:getComponentBean:1154) - Unable to get component for id 'BusinessProcess': Unable to get bean for id 'BusinessProcess'
 WARN [2015-07-09 17:35:53,423] (ComponentFactory.java:getComponentBean:1154) - Unable to get component for id 'ChannelLayout': Unable to get bean for id 'ChannelLayout'
 WARN [2015-07-09 17:35:53,442] (ComponentFactory.java:getComponentBean:1154) - Unable to get component for id 'CompactLayout': Unable to get bean for id 'CompactLayout'
 WARN [2015-07-09 17:35:53,448] (ComponentFactory.java:getComponentBean:1154) - Unable to get component for id 'CorsWhitelistOrigin': Unable to get bean for id 'CorsWhitelistOrigin'
 WARN [2015-07-09 17:35:53,456] (ComponentFactory.java:getComponentBean:1154) - Unable to get component for id 'CustomField': Unable to get bean for id 'CustomField'
 WARN [2015-07-09 17:35:53,462] (ComponentFactory.java:getComponentBean:1154) - Unable to get component for id 'CustomLabel': Unable to get bean for id 'CustomLabel'
 WARN [2015-07-09 17:35:53,943] (ComponentFactory.java:getComponentBean:1154) - Unable to get component for id 'AuraDefinitionBundle': Unable to get bean for id 'AuraDefinitionBundle'
 WARN [2015-07-09 17:35:53,952] (ComponentFactory.java:getComponentBean:1154) - Unable to get component for id 'ExternalDataSource': Unable to get bean for id 'ExternalDataSource'
 WARN [2015-07-09 17:35:53,957] (ComponentFactory.java:getComponentBean:1154) - Unable to get component for id 'NamedCredential': Unable to get bean for id 'NamedCredential'
 WARN [2015-07-09 17:35:53,970] (ComponentFactory.java:getComponentBean:1154) - Unable to get component for id 'MatchingRules': Unable to get bean for id 'MatchingRules'
 WARN [2015-07-09 17:35:53,975] (ComponentFactory.java:getComponentBean:1154) - Unable to get component for id 'ChannelLayout': Unable to get bean for id 'ChannelLayout'
 WARN [2015-07-09 17:35:53,980] (ComponentFactory.java:getComponentBean:1154) - Unable to get component for id 'SharingRules': Unable to get bean for id 'SharingRules'
 WARN [2015-07-09 17:35:53,985] (ComponentFactory.java:getComponentBean:1154) - Unable to get component for id 'CorsWhitelistOrigin': Unable to get bean for id 'CorsWhitelistOrigin'
 WARN [2015-07-09 17:35:53,989] (ComponentFactory.java:getComponentBean:1154) - Unable to get component for id 'ActionLinkGroupTemplate': Unable to get bean for id 'ActionLinkGroupTemplate'
 WARN [2015-07-09 17:35:53,995] (ComponentFactory.java:getComponentBean:1154) - Unable to get component for id 'SynonymDictionary': Unable to get bean for id 'SynonymDictionary'
 WARN [2015-07-09 17:35:54,968] (ComponentFactory.java:getComponentBean:1154) - Unable to get component for id 'AuraDefinitionBundle': Unable to get bean for id 'AuraDefinitionBundle'
 WARN [2015-07-09 17:35:54,975] (ComponentFactory.java:getComponentBean:1154) - Unable to get component for id 'ExternalDataSource': Unable to get bean for id 'ExternalDataSource'
 WARN [2015-07-09 17:35:54,982] (ComponentFactory.java:getComponentBean:1154) - Unable to get component for id 'NamedCredential': Unable to get bean for id 'NamedCredential'
 WARN [2015-07-09 17:35:54,999] (ComponentFactory.java:getComponentBean:1154) - Unable to get component for id 'MatchingRules': Unable to get bean for id 'MatchingRules'
 WARN [2015-07-09 17:35:55,005] (ComponentFactory.java:getComponentBean:1154) - Unable to get component for id 'ChannelLayout': Unable to get bean for id 'ChannelLayout'
 WARN [2015-07-09 17:35:55,009] (ComponentFactory.java:getComponentBean:1154) - Unable to get component for id 'SharingRules': Unable to get bean for id 'SharingRules'
 WARN [2015-07-09 17:35:55,014] (ComponentFactory.java:getComponentBean:1154) - Unable to get component for id 'CorsWhitelistOrigin': Unable to get bean for id 'CorsWhitelistOrigin'
 WARN [2015-07-09 17:35:55,018] (ComponentFactory.java:getComponentBean:1154) - Unable to get component for id 'ActionLinkGroupTemplate': Unable to get bean for id 'ActionLinkGroupTemplate'
 WARN [2015-07-09 17:35:55,021] (ComponentFactory.java:getComponentBean:1154) - Unable to get component for id 'SynonymDictionary': Unable to get bean for id 'SynonymDictionary'
 WARN [2015-07-09 17:35:56,086] (ComponentFactory.java:getComponentBean:1154) - Unable to get component for id 'AuraDefinitionBundle': Unable to get bean for id 'AuraDefinitionBundle'
 WARN [2015-07-09 17:35:56,093] (ComponentFactory.java:getComponentBean:1154) - Unable to get component for id 'ExternalDataSource': Unable to get bean for id 'ExternalDataSource'
 WARN [2015-07-09 17:35:56,108] (ComponentFactory.java:getComponentBean:1154) - Unable to get component for id 'NamedCredential': Unable to get bean for id 'NamedCredential'
 WARN [2015-07-09 17:35:56,121] (ComponentFactory.java:getComponentBean:1154) - Unable to get component for id 'MatchingRules': Unable to get bean for id 'MatchingRules'
 WARN [2015-07-09 17:35:56,126] (ComponentFactory.java:getComponentBean:1154) - Unable to get component for id 'ChannelLayout': Unable to get bean for id 'ChannelLayout'
 WARN [2015-07-09 17:35:56,130] (ComponentFactory.java:getComponentBean:1154) - Unable to get component for id 'SharingRules': Unable to get bean for id 'SharingRules'
 WARN [2015-07-09 17:35:56,136] (ComponentFactory.java:getComponentBean:1154) - Unable to get component for id 'CorsWhitelistOrigin': Unable to get bean for id 'CorsWhitelistOrigin'
 WARN [2015-07-09 17:35:56,141] (ComponentFactory.java:getComponentBean:1154) - Unable to get component for id 'ActionLinkGroupTemplate': Unable to get bean for id 'ActionLinkGroupTemplate'
 WARN [2015-07-09 17:35:56,145] (ComponentFactory.java:getComponentBean:1154) - Unable to get component for id 'SynonymDictionary': Unable to get bean for id 'SynonymDictionary'
 WARN [2015-07-09 17:35:56,318] (ComponentFactory.java:getComponentBean:1154) - Unable to get component for id 'ExternalDataSource': Unable to get bean for id 'ExternalDataSource'
 WARN [2015-07-09 17:35:56,324] (ComponentFactory.java:getComponentBean:1154) - Unable to get component for id 'FieldSet': Unable to get bean for id 'FieldSet'
 WARN [2015-07-09 17:35:56,335] (ComponentFactory.java:getComponentBean:1154) - Unable to get component for id 'ListView': Unable to get bean for id 'ListView'
 WARN [2015-07-09 17:35:56,341] (ComponentFactory.java:getComponentBean:1154) - Unable to get component for id 'MatchingRule': Unable to get bean for id 'MatchingRule'
 WARN [2015-07-09 17:35:56,346] (ComponentFactory.java:getComponentBean:1154) - Unable to get component for id 'MatchingRules': Unable to get bean for id 'MatchingRules'
 WARN [2015-07-09 17:35:56,352] (ComponentFactory.java:getComponentBean:1154) - Unable to get component for id 'NamedCredential': Unable to get bean for id 'NamedCredential'
 WARN [2015-07-09 17:35:56,359] (ComponentFactory.java:getComponentBean:1154) - Unable to get component for id 'RecordType': Unable to get bean for id 'RecordType'
 WARN [2015-07-09 17:35:56,987] (ComponentFactory.java:getComponentBean:1154) - Unable to get component for id 'AuraDefinitionBundle': Unable to get bean for id 'AuraDefinitionBundle'
 WARN [2015-07-09 17:35:56,994] (ComponentFactory.java:getComponentBean:1154) - Unable to get component for id 'ExternalDataSource': Unable to get bean for id 'ExternalDataSource'
 WARN [2015-07-09 17:35:57,001] (ComponentFactory.java:getComponentBean:1154) - Unable to get component for id 'NamedCredential': Unable to get bean for id 'NamedCredential'
 WARN [2015-07-09 17:35:57,018] (ComponentFactory.java:getComponentBean:1154) - Unable to get component for id 'MatchingRules': Unable to get bean for id 'MatchingRules'
 WARN [2015-07-09 17:35:57,022] (ComponentFactory.java:getComponentBean:1154) - Unable to get component for id 'ChannelLayout': Unable to get bean for id 'ChannelLayout'
 WARN [2015-07-09 17:35:57,026] (ComponentFactory.java:getComponentBean:1154) - Unable to get component for id 'SharingRules': Unable to get bean for id 'SharingRules'
 WARN [2015-07-09 17:35:57,031] (ComponentFactory.java:getComponentBean:1154) - Unable to get component for id 'CorsWhitelistOrigin': Unable to get bean for id 'CorsWhitelistOrigin'
 WARN [2015-07-09 17:35:57,035] (ComponentFactory.java:getComponentBean:1154) - Unable to get component for id 'ActionLinkGroupTemplate': Unable to get bean for id 'ActionLinkGroupTemplate'
 WARN [2015-07-09 17:35:57,039] (ComponentFactory.java:getComponentBean:1154) - Unable to get component for id 'SynonymDictionary': Unable to get bean for id 'SynonymDictionary'
 WARN [2015-07-09 17:35:57,859] (ComponentFactory.java:getComponentBean:1154) - Unable to get component for id 'SharingCriteriaRule': Unable to get bean for id 'SharingCriteriaRule'
 WARN [2015-07-09 17:35:57,865] (ComponentFactory.java:getComponentBean:1154) - Unable to get component for id 'SharingOwnerRule': Unable to get bean for id 'SharingOwnerRule'
 WARN [2015-07-09 17:35:57,872] (ComponentFactory.java:getComponentBean:1154) - Unable to get component for id 'SharingReason': Unable to get bean for id 'SharingReason'
 WARN [2015-07-09 17:35:57,879] (ComponentFactory.java:getComponentBean:1154) - Unable to get component for id 'SharingRules': Unable to get bean for id 'SharingRules'
 WARN [2015-07-09 17:35:57,889] (ComponentFactory.java:getComponentBean:1154) - Unable to get component for id 'ValidationRule': Unable to get bean for id 'ValidationRule'
 WARN [2015-07-09 17:35:57,893] (ComponentFactory.java:getComponentBean:1154) - Unable to get component for id 'WebLink': Unable to get bean for id 'WebLink'
 WARN [2015-07-09 17:35:57,899] (ComponentFactory.java:getComponentBean:1154) - Unable to get component for id 'WorkflowAlert': Unable to get bean for id 'WorkflowAlert'
 WARN [2015-07-09 17:35:57,903] (ComponentFactory.java:getComponentBean:1154) - Unable to get component for id 'WorkflowFieldUpdate': Unable to get bean for id 'WorkflowFieldUpdate'
 WARN [2015-07-09 17:35:57,908] (ComponentFactory.java:getComponentBean:1154) - Unable to get component for id 'WorkflowKnowledgePublish': Unable to get bean for id 'WorkflowKnowledgePublish'
 WARN [2015-07-09 17:35:57,912] (ComponentFactory.java:getComponentBean:1154) - Unable to get component for id 'WorkflowOutboundMessage': Unable to get bean for id 'WorkflowOutboundMessage'
 WARN [2015-07-09 17:35:57,917] (ComponentFactory.java:getComponentBean:1154) - Unable to get component for id 'WorkflowRule': Unable to get bean for id 'WorkflowRule'
 WARN [2015-07-09 17:35:57,922] (ComponentFactory.java:getComponentBean:1154) - Unable to get component for id 'WorkflowSend': Unable to get bean for id 'WorkflowSend'
 WARN [2015-07-09 17:35:57,926] (ComponentFactory.java:getComponentBean:1154) - Unable to get component for id 'WorkflowTask': Unable to get bean for id 'WorkflowTask'
 WARN [2015-07-09 17:35:58,120] (ComponentFactory.java:getComponentBean:1154) - Unable to get component for id 'ActionLinkGroupTemplate': Unable to get bean for id 'ActionLinkGroupTemplate'
 WARN [2015-07-09 17:35:58,135] (ComponentFactory.java:getComponentBean:1154) - Unable to get component for id 'AuraDefinitionBundle': Unable to get bean for id 'AuraDefinitionBundle'
 WARN [2015-07-09 17:35:58,141] (ComponentFactory.java:getComponentBean:1154) - Unable to get component for id 'ChannelLayout': Unable to get bean for id 'ChannelLayout'
 WARN [2015-07-09 17:35:58,146] (ComponentFactory.java:getComponentBean:1154) - Unable to get component for id 'CorsWhitelistOrigin': Unable to get bean for id 'CorsWhitelistOrigin'
 WARN [2015-07-09 17:35:58,164] (ComponentFactory.java:getComponentBean:1154) - Unable to get component for id 'ExternalDataSource': Unable to get bean for id 'ExternalDataSource'
 WARN [2015-07-09 17:35:58,171] (ComponentFactory.java:getComponentBean:1154) - Unable to get component for id 'MatchingRule': Unable to get bean for id 'MatchingRule'
 WARN [2015-07-09 17:35:58,174] (ComponentFactory.java:getComponentBean:1154) - Unable to get component for id 'MatchingRules': Unable to get bean for id 'MatchingRules'
 WARN [2015-07-09 17:35:58,178] (ComponentFactory.java:getComponentBean:1154) - Unable to get component for id 'NamedCredential': Unable to get bean for id 'NamedCredential'
 WARN [2015-07-09 17:35:58,185] (ComponentFactory.java:getComponentBean:1154) - Unable to get component for id 'SharingCriteriaRule': Unable to get bean for id 'SharingCriteriaRule'
 WARN [2015-07-09 17:35:58,189] (ComponentFactory.java:getComponentBean:1154) - Unable to get component for id 'SharingOwnerRule': Unable to get bean for id 'SharingOwnerRule'
 WARN [2015-07-09 17:35:58,192] (ComponentFactory.java:getComponentBean:1154) - Unable to get component for id 'SharingRules': Unable to get bean for id 'SharingRules'
ERROR [2015-07-09 17:37:30,452] (SyncServiceListenerBroadcaster.java:handleException:59) - Error executing a contributed ISyncServiceListener
java.lang.NullPointerException
	at com.salesforce.ide.core.model.ComponentList.getComponentFactory(ComponentList.java:62)
	at com.salesforce.ide.core.model.ComponentList.getComponentListForComponentType(ComponentList.java:266)
	at com.salesforce.ide.debug.ui.sync.SyncActionListener.collectDebuggerElements(SyncActionListener.java:154)
	at com.salesforce.ide.debug.ui.sync.SyncActionListener.invalidateApexModelManager(SyncActionListener.java:122)
	at com.salesforce.ide.debug.ui.sync.SyncActionListener.projectSync(SyncActionListener.java:114)
	at com.salesforce.ide.core.services.hooks.SyncServiceListenerBroadcaster$1.run(SyncServiceListenerBroadcaster.java:54)
	at org.eclipse.core.runtime.SafeRunner.run(SafeRunner.java:42)
	at org.eclipse.ui.internal.JFaceUtil$1.run(JFaceUtil.java:49)
	at org.eclipse.jface.util.SafeRunnable.run(SafeRunnable.java:175)
	at com.salesforce.ide.core.services.hooks.SyncServiceListenerBroadcaster.executeExtension(SyncServiceListenerBroadcaster.java:62)
	at com.salesforce.ide.core.services.hooks.SyncServiceListenerBroadcaster.broadcast(SyncServiceListenerBroadcaster.java:40)
	at com.salesforce.ide.core.model.ProjectPackageList.saveResources(ProjectPackageList.java:1210)
	at com.salesforce.ide.core.model.ProjectPackageList.saveResources(ProjectPackageList.java:1123)
	at com.salesforce.ide.core.services.ForceProjectRefreshJob$ForceProjectRefreshProject.doSaveResources(ForceProjectRefreshJob.java:62)
	at com.salesforce.ide.core.services.ForceProjectRefreshJob.runInWorkspace(ForceProjectRefreshJob.java:42)
	at org.eclipse.core.internal.resources.InternalWorkspaceJob.run(InternalWorkspaceJob.java:38)
	at org.eclipse.core.internal.jobs.Worker.run(Worker.java:53)
 WARN [2015-07-09 17:37:58,118] (ComponentFactory.java:getCompositeComponentFromComponent:1102) - Unable to load existing 'pages/FirstProject.page-meta.xml' from project - associated component's file resource is null.  Assuming new.
 WARN [2015-07-09 17:37:58,215] (ComponentController.java:deploy:402) - Remote save aborted - project is not online enabled
 WARN [2015-07-09 17:37:58,408] (DefaultBuilder.java:applyDirtyMarkers:93) - TODO: apply 'Save locally only...' markers on each resource
 WARN [2015-07-09 17:39:00,755] (ComponentFactory.java:getCompositeComponentFromComponent:1102) - Unable to load existing 'classes/Basicapexclass.cls-meta.xml' from project - associated component's file resource is null.  Assuming new.
 WARN [2015-07-09 17:39:01,397] (ComponentController.java:deploy:402) - Remote save aborted - project is not online enabled
 WARN [2015-07-09 17:39:01,627] (DefaultBuilder.java:applyDirtyMarkers:93) - TODO: apply 'Save locally only...' markers on each resource
 WARN [2015-07-09 18:56:01,660] (DefaultBuilder.java:applyDirtyMarkers:93) - TODO: apply 'Save locally only...' markers on each resource
 WARN [2015-07-09 18:56:31,206] (ConnectionFactory.java:clearCache:220) - Clearing the following cached connections
 WARN [2015-07-09 18:56:31,293] (DescribeObjectRegistry.java:clearCache:664) - Clearing cached describes
 WARN [2015-07-09 18:56:31,298] (MetadataFactory.java:clearCache:129) - Clearing the following cached metadata stubs
 WARN [2015-07-09 20:24:30,583] (DefaultBuilder.java:applyDirtyMarkers:93) - TODO: apply 'Save locally only...' markers on each resource
 WARN [2015-07-09 20:25:37,198] (ProjectService.java:handleRetrieveResult:2078) - Nothing to save to project - retrieve result is empty
ERROR [2015-07-09 20:25:45,251] (ProjectPackageList.java:generateComponents:482) - Filepath-zip mapping is null or empty for package 'unpackaged' [null] - skipping component generation
ERROR [2015-07-09 20:26:12,359] (ProjectPackageList.java:generateComponents:482) - Filepath-zip mapping is null or empty for package 'unpackaged' [null] - skipping component generation
 WARN [2015-07-09 20:26:16,947] (ProjectService.java:handleDeployResult:1906) - Save failed!
 WARN [2015-07-09 20:26:16,957] (ProjectService.java:handleRetrieveResult:2078) - Nothing to save to project - retrieve result is empty
ERROR [2015-07-09 20:27:22,632] (ProjectPackageList.java:generateComponents:482) - Filepath-zip mapping is null or empty for package 'unpackaged' [null] - skipping component generation
 WARN [2015-07-09 20:27:26,734] (ProjectService.java:handleDeployResult:1906) - Save failed!
 WARN [2015-07-09 20:27:26,747] (ProjectService.java:handleRetrieveResult:2078) - Nothing to save to project - retrieve result is empty
 WARN [2015-07-09 20:28:14,326] (DefaultBuilder.java:applyDirtyMarkers:93) - TODO: apply 'Save locally only...' markers on each resource
 WARN [2015-07-09 20:29:00,129] (DefaultBuilder.java:applyDirtyMarkers:93) - TODO: apply 'Save locally only...' markers on each resource
ERROR [2015-07-09 20:29:05,864] (ProjectPackageList.java:generateComponents:482) - Filepath-zip mapping is null or empty for package 'unpackaged' [null] - skipping component generation
 WARN [2015-07-09 20:29:08,957] (ProjectService.java:handleDeployResult:1906) - Save failed!
 WARN [2015-07-09 20:29:08,968] (ProjectService.java:handleRetrieveResult:2078) - Nothing to save to project - retrieve result is empty
 WARN [2015-07-09 20:56:01,858] (DefaultBuilder.java:applyDirtyMarkers:93) - TODO: apply 'Save locally only...' markers on each resource
 WARN [2015-07-09 20:56:03,636] (ConnectionFactory.java:clearCache:220) - Clearing the following cached connections
 WARN [2015-07-09 20:56:03,643] (DescribeObjectRegistry.java:clearCache:664) - Clearing cached describes
 WARN [2015-07-09 20:56:03,650] (MetadataFactory.java:clearCache:129) - Clearing the following cached metadata stubs
